11:26:36 802 [INFO ] [JavaFX Application Thread] MainGuiApplication: Starting GUI...
11:26:37 226 [INFO ] [JavaFX Application Thread] PanelController: initialize
11:26:37 259 [INFO ] [JavaFX Application Thread] PlayerController: initialize
11:26:37 281 [INFO ] [JavaFX Application Thread] MainController: initialize
11:26:38 236 [INFO ] [JavaFX Application Thread] MainGuiApplication: GUI started
11:26:38 303 [INFO ] [JavaFX Application Thread] PanelController: TreeItem selected: [TreeItem [ value: Players ]]
11:26:38 303 [INFO ] [JavaFX Application Thread] PanelController: String selection -> return
11:26:43 710 [INFO ] [JavaFX Application Thread] MainController: doLoadGameFile
11:26:54 188 [INFO ] [JavaFX Application Thread] MainController: User select: /home/turpif/Projects/team-12-java/target/game-2014-11-15T112415.656.game
11:26:54 189 [INFO ] [JavaFX Application Thread] BoardDeserializer: getGame from [/home/turpif/Projects/team-12-java/target/game-2014-11-15T112415.656.game]
11:26:54 370 [INFO ] [JavaFX Application Thread] MainController: GameSummary deserialized: turnsCount[800]
11:26:54 375 [INFO ] [JavaFX Application Thread] PanelController: initializeGame 0
11:26:54 671 [INFO ] [JavaFX Application Thread] PanelController: initCoordinates: maxX[109] maxY[116] maxWidth[1744] maxHeight[1856]
11:26:54 671 [INFO ] [JavaFX Application Thread] PanelController: TreeItem selected: [null]
11:26:54 701 [INFO ] [JavaFX Application Thread] PanelController: TreeItem selected: [TreeItem [ value: Players ]]
11:26:54 701 [INFO ] [JavaFX Application Thread] PanelController: String selection -> return
11:26:59 593 [INFO ] [JavaFX Application Thread] PlayerController: doPlay
11:27:00 597 [INFO ] [JavaFX Application Thread] PlayerController: doNext: currentTurn[0]
11:27:00 598 [INFO ] [JavaFX Application Thread] PanelController: setNewTurn 1
11:27:00 599 [INFO ] [JavaFX Application Thread] PanelController: TreeItem selected: [null]
11:27:01 603 [INFO ] [JavaFX Application Thread] PlayerController: doNext: currentTurn[1]
11:27:01 604 [INFO ] [JavaFX Application Thread] PanelController: setNewTurn 2
11:27:02 647 [INFO ] [JavaFX Application Thread] PlayerController: doNext: currentTurn[2]
11:27:02 647 [INFO ] [JavaFX Application Thread] PanelController: setNewTurn 3
11:27:03 597 [INFO ] [JavaFX Application Thread] PlayerController: doNext: currentTurn[3]
11:27:03 598 [INFO ] [JavaFX Application Thread] PanelController: setNewTurn 4
11:27:04 606 [INFO ] [JavaFX Application Thread] PlayerController: doNext: currentTurn[4]
11:27:04 606 [INFO ] [JavaFX Application Thread] PanelController: setNewTurn 5
11:27:05 600 [INFO ] [JavaFX Application Thread] PlayerController: doNext: currentTurn[5]
11:27:05 601 [INFO ] [JavaFX Application Thread] PanelController: setNewTurn 6
11:27:06 599 [INFO ] [JavaFX Application Thread] PlayerController: doNext: currentTurn[6]
11:27:06 599 [INFO ] [JavaFX Application Thread] PanelController: setNewTurn 7
11:27:07 609 [INFO ] [JavaFX Application Thread] PlayerController: doNext: currentTurn[7]
11:27:07 610 [INFO ] [JavaFX Application Thread] PanelController: setNewTurn 8
11:27:08 602 [INFO ] [JavaFX Application Thread] PlayerController: doNext: currentTurn[8]
11:27:08 602 [INFO ] [JavaFX Application Thread] PanelController: setNewTurn 9
11:27:09 610 [INFO ] [JavaFX Application Thread] PlayerController: doNext: currentTurn[9]
11:27:09 611 [INFO ] [JavaFX Application Thread] PanelController: setNewTurn 10
11:27:10 599 [INFO ] [JavaFX Application Thread] PlayerController: doNext: currentTurn[10]
11:27:10 599 [INFO ] [JavaFX Application Thread] PanelController: setNewTurn 11
11:27:11 599 [INFO ] [JavaFX Application Thread] PlayerController: doNext: currentTurn[11]
11:27:11 599 [INFO ] [JavaFX Application Thread] PanelController: setNewTurn 12
11:27:12 600 [INFO ] [JavaFX Application Thread] PlayerController: doNext: currentTurn[12]
11:27:12 600 [INFO ] [JavaFX Application Thread] PanelController: setNewTurn 13
11:27:13 607 [INFO ] [JavaFX Application Thread] PlayerController: doNext: currentTurn[13]
11:27:13 607 [INFO ] [JavaFX Application Thread] PanelController: setNewTurn 14
11:27:14 611 [INFO ] [JavaFX Application Thread] PlayerController: doNext: currentTurn[14]
11:27:14 611 [INFO ] [JavaFX Application Thread] PanelController: setNewTurn 15
11:27:15 601 [INFO ] [JavaFX Application Thread] PlayerController: doNext: currentTurn[15]
11:27:15 601 [INFO ] [JavaFX Application Thread] PanelController: setNewTurn 16
11:27:16 601 [INFO ] [JavaFX Application Thread] PlayerController: doNext: currentTurn[16]
11:27:16 601 [INFO ] [JavaFX Application Thread] PanelController: setNewTurn 17
11:27:17 607 [INFO ] [JavaFX Application Thread] PlayerController: doNext: currentTurn[17]
11:27:17 608 [INFO ] [JavaFX Application Thread] PanelController: setNewTurn 18
11:27:18 609 [INFO ] [JavaFX Application Thread] PlayerController: doNext: currentTurn[18]
11:27:18 609 [INFO ] [JavaFX Application Thread] PanelController: setNewTurn 19
11:27:19 598 [INFO ] [JavaFX Application Thread] PlayerController: doNext: currentTurn[19]
11:27:19 599 [INFO ] [JavaFX Application Thread] PanelController: setNewTurn 20
11:27:20 457 [INFO ] [JavaFX Application Thread] PlayerController: doFastPlay
11:27:20 971 [INFO ] [JavaFX Application Thread] PlayerController: doNext: currentTurn[20]
11:27:20 972 [INFO ] [JavaFX Application Thread] PanelController: setNewTurn 21
11:27:21 469 [INFO ] [JavaFX Application Thread] PlayerController: doNext: currentTurn[21]
11:27:21 470 [INFO ] [JavaFX Application Thread] PanelController: setNewTurn 22
11:27:21 973 [INFO ] [JavaFX Application Thread] PlayerController: doNext: currentTurn[22]
11:27:21 973 [INFO ] [JavaFX Application Thread] PanelController: setNewTurn 23
11:27:22 460 [INFO ] [JavaFX Application Thread] PlayerController: doNext: currentTurn[23]
11:27:22 461 [INFO ] [JavaFX Application Thread] PanelController: setNewTurn 24
11:27:22 970 [INFO ] [JavaFX Application Thread] PlayerController: doNext: currentTurn[24]
11:27:22 970 [INFO ] [JavaFX Application Thread] PanelController: setNewTurn 25
11:27:23 473 [INFO ] [JavaFX Application Thread] PlayerController: doNext: currentTurn[25]
11:27:23 473 [INFO ] [JavaFX Application Thread] PanelController: setNewTurn 26
11:27:23 971 [INFO ] [JavaFX Application Thread] PlayerController: doNext: currentTurn[26]
11:27:23 971 [INFO ] [JavaFX Application Thread] PanelController: setNewTurn 27
11:27:24 465 [INFO ] [JavaFX Application Thread] PlayerController: doNext: currentTurn[27]
11:27:24 465 [INFO ] [JavaFX Application Thread] PanelController: setNewTurn 28
11:27:24 974 [INFO ] [JavaFX Application Thread] PlayerController: doNext: currentTurn[28]
11:27:24 974 [INFO ] [JavaFX Application Thread] PanelController: setNewTurn 29
11:27:25 470 [INFO ] [JavaFX Application Thread] PlayerController: doNext: currentTurn[29]
11:27:25 470 [INFO ] [JavaFX Application Thread] PanelController: setNewTurn 30
11:27:25 959 [INFO ] [JavaFX Application Thread] PlayerController: doNext: currentTurn[30]
11:27:25 959 [INFO ] [JavaFX Application Thread] PanelController: setNewTurn 31
11:27:26 473 [INFO ] [JavaFX Application Thread] PlayerController: doNext: currentTurn[31]
11:27:26 473 [INFO ] [JavaFX Application Thread] PanelController: setNewTurn 32
11:27:26 958 [INFO ] [JavaFX Application Thread] PlayerController: doNext: currentTurn[32]
11:27:26 958 [INFO ] [JavaFX Application Thread] PanelController: setNewTurn 33
11:27:27 474 [INFO ] [JavaFX Application Thread] PlayerController: doNext: currentTurn[33]
11:27:27 474 [INFO ] [JavaFX Application Thread] PanelController: setNewTurn 34
11:27:27 962 [INFO ] [JavaFX Application Thread] PlayerController: doNext: currentTurn[34]
11:27:27 962 [INFO ] [JavaFX Application Thread] PanelController: setNewTurn 35
11:27:28 460 [INFO ] [JavaFX Application Thread] PlayerController: doNext: currentTurn[35]
11:27:28 460 [INFO ] [JavaFX Application Thread] PanelController: setNewTurn 36
11:27:28 969 [INFO ] [JavaFX Application Thread] PlayerController: doNext: currentTurn[36]
11:27:28 969 [INFO ] [JavaFX Application Thread] PanelController: setNewTurn 37
11:27:29 458 [INFO ] [JavaFX Application Thread] PlayerController: doNext: currentTurn[37]
11:27:29 458 [INFO ] [JavaFX Application Thread] PanelController: setNewTurn 38
11:27:29 971 [INFO ] [JavaFX Application Thread] PlayerController: doNext: currentTurn[38]
11:27:29 971 [INFO ] [JavaFX Application Thread] PanelController: setNewTurn 39
11:27:30 469 [INFO ] [JavaFX Application Thread] PlayerController: doNext: currentTurn[39]
11:27:30 469 [INFO ] [JavaFX Application Thread] PanelController: setNewTurn 40
11:27:30 958 [INFO ] [JavaFX Application Thread] PlayerController: doNext: currentTurn[40]
11:27:30 958 [INFO ] [JavaFX Application Thread] PanelController: setNewTurn 41
11:27:31 463 [INFO ] [JavaFX Application Thread] PlayerController: doNext: currentTurn[41]
11:27:31 463 [INFO ] [JavaFX Application Thread] PanelController: setNewTurn 42
11:27:31 969 [INFO ] [JavaFX Application Thread] PlayerController: doNext: currentTurn[42]
11:27:31 970 [INFO ] [JavaFX Application Thread] PanelController: setNewTurn 43
11:27:32 458 [INFO ] [JavaFX Application Thread] PlayerController: doNext: currentTurn[43]
11:27:32 458 [INFO ] [JavaFX Application Thread] PanelController: setNewTurn 44
11:27:32 964 [INFO ] [JavaFX Application Thread] PlayerController: doNext: currentTurn[44]
11:27:32 964 [INFO ] [JavaFX Application Thread] PanelController: setNewTurn 45
11:27:33 471 [INFO ] [JavaFX Application Thread] PlayerController: doNext: currentTurn[45]
11:27:33 471 [INFO ] [JavaFX Application Thread] PanelController: setNewTurn 46
11:27:33 965 [INFO ] [JavaFX Application Thread] PlayerController: doNext: currentTurn[46]
11:27:33 965 [INFO ] [JavaFX Application Thread] PanelController: setNewTurn 47
11:27:34 468 [INFO ] [JavaFX Application Thread] PlayerController: doNext: currentTurn[47]
11:27:34 468 [INFO ] [JavaFX Application Thread] PanelController: setNewTurn 48
11:27:34 958 [INFO ] [JavaFX Application Thread] PlayerController: doNext: currentTurn[48]
11:27:34 958 [INFO ] [JavaFX Application Thread] PanelController: setNewTurn 49
11:27:35 463 [INFO ] [JavaFX Application Thread] PlayerController: doNext: currentTurn[49]
11:27:35 463 [INFO ] [JavaFX Application Thread] PanelController: setNewTurn 50
11:27:35 964 [INFO ] [JavaFX Application Thread] PlayerController: doNext: currentTurn[50]
11:27:35 964 [INFO ] [JavaFX Application Thread] PanelController: setNewTurn 51
11:27:36 464 [INFO ] [JavaFX Application Thread] PlayerController: doNext: currentTurn[51]
11:27:36 464 [INFO ] [JavaFX Application Thread] PanelController: setNewTurn 52
11:27:36 958 [INFO ] [JavaFX Application Thread] PlayerController: doNext: currentTurn[52]
11:27:36 958 [INFO ] [JavaFX Application Thread] PanelController: setNewTurn 53
11:27:37 458 [INFO ] [JavaFX Application Thread] PlayerController: doNext: currentTurn[53]
11:27:37 458 [INFO ] [JavaFX Application Thread] PanelController: setNewTurn 54
11:27:37 973 [INFO ] [JavaFX Application Thread] PlayerController: doNext: currentTurn[54]
11:27:37 973 [INFO ] [JavaFX Application Thread] PanelController: setNewTurn 55
11:27:38 459 [INFO ] [JavaFX Application Thread] PlayerController: doNext: currentTurn[55]
11:27:38 459 [INFO ] [JavaFX Application Thread] PanelController: setNewTurn 56
11:27:38 971 [INFO ] [JavaFX Application Thread] PlayerController: doNext: currentTurn[56]
11:27:38 971 [INFO ] [JavaFX Application Thread] PanelController: setNewTurn 57
11:27:39 474 [INFO ] [JavaFX Application Thread] PlayerController: doNext: currentTurn[57]
11:27:39 474 [INFO ] [JavaFX Application Thread] PanelController: setNewTurn 58
11:27:39 970 [INFO ] [JavaFX Application Thread] PlayerController: doNext: currentTurn[58]
11:27:39 970 [INFO ] [JavaFX Application Thread] PanelController: setNewTurn 59
11:27:40 469 [INFO ] [JavaFX Application Thread] PlayerController: doNext: currentTurn[59]
11:27:40 469 [INFO ] [JavaFX Application Thread] PanelController: setNewTurn 60
11:27:40 962 [INFO ] [JavaFX Application Thread] PlayerController: doNext: currentTurn[60]
11:27:40 962 [INFO ] [JavaFX Application Thread] PanelController: setNewTurn 61
11:27:41 468 [INFO ] [JavaFX Application Thread] PlayerController: doNext: currentTurn[61]
11:27:41 469 [INFO ] [JavaFX Application Thread] PanelController: setNewTurn 62
11:27:41 962 [INFO ] [JavaFX Application Thread] PlayerController: doNext: currentTurn[62]
11:27:41 963 [INFO ] [JavaFX Application Thread] PanelController: setNewTurn 63
11:27:42 469 [INFO ] [JavaFX Application Thread] PlayerController: doNext: currentTurn[63]
11:27:42 469 [INFO ] [JavaFX Application Thread] PanelController: setNewTurn 64
11:27:42 969 [INFO ] [JavaFX Application Thread] PlayerController: doNext: currentTurn[64]
11:27:42 969 [INFO ] [JavaFX Application Thread] PanelController: setNewTurn 65
11:27:43 458 [INFO ] [JavaFX Application Thread] PlayerController: doNext: currentTurn[65]
11:27:43 458 [INFO ] [JavaFX Application Thread] PanelController: setNewTurn 66
11:27:43 970 [INFO ] [JavaFX Application Thread] PlayerController: doNext: currentTurn[66]
11:27:43 971 [INFO ] [JavaFX Application Thread] PanelController: setNewTurn 67
11:27:44 472 [INFO ] [JavaFX Application Thread] PlayerController: doNext: currentTurn[67]
11:27:44 472 [INFO ] [JavaFX Application Thread] PanelController: setNewTurn 68
11:27:44 960 [INFO ] [JavaFX Application Thread] PlayerController: doNext: currentTurn[68]
11:27:44 961 [INFO ] [JavaFX Application Thread] PanelController: setNewTurn 69
11:27:45 472 [INFO ] [JavaFX Application Thread] PlayerController: doNext: currentTurn[69]
11:27:45 473 [INFO ] [JavaFX Application Thread] PanelController: setNewTurn 70
11:27:45 964 [INFO ] [JavaFX Application Thread] PlayerController: doNext: currentTurn[70]
11:27:45 964 [INFO ] [JavaFX Application Thread] PanelController: setNewTurn 71
11:27:46 462 [INFO ] [JavaFX Application Thread] PlayerController: doNext: currentTurn[71]
11:27:46 462 [INFO ] [JavaFX Application Thread] PanelController: setNewTurn 72
11:27:46 967 [INFO ] [JavaFX Application Thread] PlayerController: doNext: currentTurn[72]
11:27:46 967 [INFO ] [JavaFX Application Thread] PanelController: setNewTurn 73
11:27:47 458 [INFO ] [JavaFX Application Thread] PlayerController: doNext: currentTurn[73]
11:27:47 458 [INFO ] [JavaFX Application Thread] PanelController: setNewTurn 74
11:27:47 958 [INFO ] [JavaFX Application Thread] PlayerController: doNext: currentTurn[74]
11:27:47 959 [INFO ] [JavaFX Application Thread] PanelController: setNewTurn 75
11:27:48 473 [INFO ] [JavaFX Application Thread] PlayerController: doNext: currentTurn[75]
11:27:48 473 [INFO ] [JavaFX Application Thread] PanelController: setNewTurn 76
11:27:48 962 [INFO ] [JavaFX Application Thread] PlayerController: doNext: currentTurn[76]
11:27:48 963 [INFO ] [JavaFX Application Thread] PanelController: setNewTurn 77
11:27:49 469 [INFO ] [JavaFX Application Thread] PlayerController: doNext: currentTurn[77]
11:27:49 469 [INFO ] [JavaFX Application Thread] PanelController: setNewTurn 78
11:27:49 963 [INFO ] [JavaFX Application Thread] PlayerController: doNext: currentTurn[78]
11:27:49 963 [INFO ] [JavaFX Application Thread] PanelController: setNewTurn 79
11:27:50 464 [INFO ] [JavaFX Application Thread] PlayerController: doNext: currentTurn[79]
11:27:50 464 [INFO ] [JavaFX Application Thread] PanelController: setNewTurn 80
11:27:50 963 [INFO ] [JavaFX Application Thread] PlayerController: doNext: currentTurn[80]
11:27:50 963 [INFO ] [JavaFX Application Thread] PanelController: setNewTurn 81
11:27:51 468 [INFO ] [JavaFX Application Thread] PlayerController: doNext: currentTurn[81]
11:27:51 468 [INFO ] [JavaFX Application Thread] PanelController: setNewTurn 82
11:27:51 970 [INFO ] [JavaFX Application Thread] PlayerController: doNext: currentTurn[82]
11:27:51 970 [INFO ] [JavaFX Application Thread] PanelController: setNewTurn 83
11:27:52 472 [INFO ] [JavaFX Application Thread] PlayerController: doNext: currentTurn[83]
11:27:52 472 [INFO ] [JavaFX Application Thread] PanelController: setNewTurn 84
11:27:52 959 [INFO ] [JavaFX Application Thread] PlayerController: doNext: currentTurn[84]
11:27:52 959 [INFO ] [JavaFX Application Thread] PanelController: setNewTurn 85
11:27:53 466 [INFO ] [JavaFX Application Thread] PlayerController: doNext: currentTurn[85]
11:27:53 466 [INFO ] [JavaFX Application Thread] PanelController: setNewTurn 86
11:27:53 970 [INFO ] [JavaFX Application Thread] PlayerController: doNext: currentTurn[86]
11:27:53 970 [INFO ] [JavaFX Application Thread] PanelController: setNewTurn 87
11:27:54 458 [INFO ] [JavaFX Application Thread] PlayerController: doNext: currentTurn[87]
11:27:54 458 [INFO ] [JavaFX Application Thread] PanelController: setNewTurn 88
11:27:54 969 [INFO ] [JavaFX Application Thread] PlayerController: doNext: currentTurn[88]
11:27:54 969 [INFO ] [JavaFX Application Thread] PanelController: setNewTurn 89
11:27:55 472 [INFO ] [JavaFX Application Thread] PlayerController: doNext: currentTurn[89]
11:27:55 472 [INFO ] [JavaFX Application Thread] PanelController: setNewTurn 90
11:27:55 965 [INFO ] [JavaFX Application Thread] PlayerController: doNext: currentTurn[90]
11:27:55 965 [INFO ] [JavaFX Application Thread] PanelController: setNewTurn 91
11:27:56 458 [INFO ] [JavaFX Application Thread] PlayerController: doNext: currentTurn[91]
11:27:56 458 [INFO ] [JavaFX Application Thread] PanelController: setNewTurn 92
11:27:56 960 [INFO ] [JavaFX Application Thread] PlayerController: doNext: currentTurn[92]
11:27:56 960 [INFO ] [JavaFX Application Thread] PanelController: setNewTurn 93
11:27:57 467 [INFO ] [JavaFX Application Thread] PlayerController: doNext: currentTurn[93]
11:27:57 467 [INFO ] [JavaFX Application Thread] PanelController: setNewTurn 94
11:27:57 969 [INFO ] [JavaFX Application Thread] PlayerController: doNext: currentTurn[94]
11:27:57 969 [INFO ] [JavaFX Application Thread] PanelController: setNewTurn 95
11:27:58 464 [INFO ] [JavaFX Application Thread] PlayerController: doNext: currentTurn[95]
11:27:58 464 [INFO ] [JavaFX Application Thread] PanelController: setNewTurn 96
11:27:58 970 [INFO ] [JavaFX Application Thread] PlayerController: doNext: currentTurn[96]
11:27:58 970 [INFO ] [JavaFX Application Thread] PanelController: setNewTurn 97
11:27:59 468 [INFO ] [JavaFX Application Thread] PlayerController: doNext: currentTurn[97]
11:27:59 468 [INFO ] [JavaFX Application Thread] PanelController: setNewTurn 98
11:27:59 973 [INFO ] [JavaFX Application Thread] PlayerController: doNext: currentTurn[98]
11:27:59 973 [INFO ] [JavaFX Application Thread] PanelController: setNewTurn 99
11:28:00 462 [INFO ] [JavaFX Application Thread] PlayerController: doNext: currentTurn[99]
11:28:00 462 [INFO ] [JavaFX Application Thread] PanelController: setNewTurn 100
11:28:00 959 [INFO ] [JavaFX Application Thread] PlayerController: doNext: currentTurn[100]
11:28:00 959 [INFO ] [JavaFX Application Thread] PanelController: setNewTurn 101
11:28:01 459 [INFO ] [JavaFX Application Thread] PlayerController: doNext: currentTurn[101]
11:28:01 460 [INFO ] [JavaFX Application Thread] PanelController: setNewTurn 102
11:28:01 974 [INFO ] [JavaFX Application Thread] PlayerController: doNext: currentTurn[102]
11:28:01 974 [INFO ] [JavaFX Application Thread] PanelController: setNewTurn 103
11:28:02 459 [INFO ] [JavaFX Application Thread] PlayerController: doNext: currentTurn[103]
11:28:02 459 [INFO ] [JavaFX Application Thread] PanelController: setNewTurn 104
11:28:02 960 [INFO ] [JavaFX Application Thread] PlayerController: doNext: currentTurn[104]
11:28:02 960 [INFO ] [JavaFX Application Thread] PanelController: setNewTurn 105
11:28:03 464 [INFO ] [JavaFX Application Thread] PlayerController: doNext: currentTurn[105]
11:28:03 464 [INFO ] [JavaFX Application Thread] PanelController: setNewTurn 106
11:28:03 965 [INFO ] [JavaFX Application Thread] PlayerController: doNext: currentTurn[106]
11:28:03 965 [INFO ] [JavaFX Application Thread] PanelController: setNewTurn 107
11:28:04 469 [INFO ] [JavaFX Application Thread] PlayerController: doNext: currentTurn[107]
11:28:04 470 [INFO ] [JavaFX Application Thread] PanelController: setNewTurn 108
11:28:04 961 [INFO ] [JavaFX Application Thread] PlayerController: doNext: currentTurn[108]
11:28:04 962 [INFO ] [JavaFX Application Thread] PanelController: setNewTurn 109
11:28:05 459 [INFO ] [JavaFX Application Thread] PlayerController: doNext: currentTurn[109]
11:28:05 459 [INFO ] [JavaFX Application Thread] PanelController: setNewTurn 110
11:28:05 959 [INFO ] [JavaFX Application Thread] PlayerController: doNext: currentTurn[110]
11:28:05 959 [INFO ] [JavaFX Application Thread] PanelController: setNewTurn 111
11:28:06 459 [INFO ] [JavaFX Application Thread] PlayerController: doNext: currentTurn[111]
11:28:06 466 [INFO ] [JavaFX Application Thread] PanelController: setNewTurn 112
11:28:06 969 [INFO ] [JavaFX Application Thread] PlayerController: doNext: currentTurn[112]
11:28:06 970 [INFO ] [JavaFX Application Thread] PanelController: setNewTurn 113
11:28:07 467 [INFO ] [JavaFX Application Thread] PlayerController: doNext: currentTurn[113]
11:28:07 467 [INFO ] [JavaFX Application Thread] PanelController: setNewTurn 114
11:28:07 963 [INFO ] [JavaFX Application Thread] PlayerController: doNext: currentTurn[114]
11:28:07 964 [INFO ] [JavaFX Application Thread] PanelController: setNewTurn 115
11:28:08 469 [INFO ] [JavaFX Application Thread] PlayerController: doNext: currentTurn[115]
11:28:08 469 [INFO ] [JavaFX Application Thread] PanelController: setNewTurn 116
11:28:08 972 [INFO ] [JavaFX Application Thread] PlayerController: doNext: currentTurn[116]
11:28:08 972 [INFO ] [JavaFX Application Thread] PanelController: setNewTurn 117
11:28:09 458 [INFO ] [JavaFX Application Thread] PlayerController: doNext: currentTurn[117]
11:28:09 458 [INFO ] [JavaFX Application Thread] PanelController: setNewTurn 118
11:28:09 973 [INFO ] [JavaFX Application Thread] PlayerController: doNext: currentTurn[118]
11:28:09 974 [INFO ] [JavaFX Application Thread] PanelController: setNewTurn 119
